#
# There is insufficient memory for the Java Runtime Environment to continue.
# Native memory allocation (malloc) failed to allocate 1287696 bytes. Error detail: Chunk::new
# Possible reasons:
#   The system is out of physical RAM or swap space
#   This process is running with CompressedOops enabled, and the Java Heap may be blocking the growth of the native heap
# Possible solutions:
#   Reduce memory load on the system
#   Increase physical memory or swap space
#   Check if swap backing store is full
#   Decrease Java heap size (-Xmx/-Xms)
#   Decrease number of Java threads
#   Decrease Java thread stack sizes (-Xss)
#   Set larger code cache with -XX:ReservedCodeCacheSize=
#   JVM is running with Unscaled Compressed Oops mode in which the Java heap is
#     placed in the first 4GB address space. The Java Heap base address is the
#     maximum limit for the native heap growth. Please use -XX:HeapBaseMinAddress
#     to set the Java Heap base and to place the Java Heap above 4GB virtual address.
# This output file may be truncated or incomplete.
#
#  Out of Memory Error (arena.cpp:168), pid=19712, tid=28916
#
# JRE version: OpenJDK Runtime Environment Temurin-21.0.5+11 (21.0.5+11) (build 21.0.5+11-LTS)
# Java VM: OpenJDK 64-Bit Server VM Temurin-21.0.5+11 (21.0.5+11-LTS, mixed mode, sharing, tiered, compressed oops, compressed class ptrs, parallel gc, windows-amd64)
# No core dump will be written. Minidumps are not enabled by default on client versions of Windows
#

---------------  S U M M A R Y ------------

Command Line: --add-modules=ALL-SYSTEM --add-opens=java.base/java.util=ALL-UNNAMED --add-opens=java.base/java.lang=ALL-UNNAMED --add-opens=java.base/sun.nio.fs=ALL-UNNAMED -Declipse.application=org.eclipse.jdt.ls.core.id1 -Dosgi.bundles.defaultStartLevel=4 -Declipse.product=org.eclipse.jdt.ls.core.product -Djava.import.generatesMetadataFilesAtProjectRoot=false -DDetectVMInstallationsJob.disabled=true -Dfile.encoding=utf8 -XX:+UseParallelGC -XX:GCTimeRatio=4 -XX:AdaptiveSizePolicyWeight=90 -Dsun.zip.disableMemoryMapping=true -Xmx1G -Xms100m -Xlog:disable -javaagent:c:\Users\111\.cursor\extensions\redhat.java-1.39.0-win32-x64\lombok\lombok-1.18.34.jar -XX:+HeapDumpOnOutOfMemoryError -XX:HeapDumpPath=c:\Users\111\AppData\Roaming\Cursor\User\workspaceStorage\9ac6dc13f77a2db73f7905ea32a79cfd\redhat.java -Daether.dependencyCollector.impl=bf c:\Users\111\.cursor\extensions\redhat.java-1.39.0-win32-x64\server\plugins\org.eclipse.equinox.launcher_1.6.900.v20240613-2009.jar -configuration c:\Users\111\AppData\Roaming\Cursor\User\globalStorage\redhat.java\1.39.0\config_win -data c:\Users\111\AppData\Roaming\Cursor\User\workspaceStorage\9ac6dc13f77a2db73f7905ea32a79cfd\redhat.java\jdt_ws --pipe=\\.\pipe\lsp-74fc93b898d7da7fd50598463d9f5cb8-sock

Host: 11th Gen Intel(R) Core(TM) i7-1165G7 @ 2.80GHz, 8 cores, 15G,  Windows 11 , 64 bit Build 22621 (10.0.22621.4830)
Time: Thu Feb 13 16:27:16 2025  Windows 11 , 64 bit Build 22621 (10.0.22621.4830) elapsed time: 11.781406 seconds (0d 0h 0m 11s)

---------------  T H R E A D  ---------------

Current thread (0x000001c2152c1df0):  JavaThread "C2 CompilerThread2" daemon [_thread_in_native, id=28916, stack(0x000000561a000000,0x000000561a100000) (1024K)]


Current CompileTask:
C2:11781 7048   !   4       org.eclipse.jdt.internal.core.search.indexing.BinaryIndexer::indexDocument (1204 bytes)

Stack: [0x000000561a000000,0x000000561a100000]
Native frames: (J=compiled Java code, j=interpreted, Vv=VM code, C=native code)
V  [jvm.dll+0x6cd4e9]
V  [jvm.dll+0x8a7941]
V  [jvm.dll+0x8a9e6e]
V  [jvm.dll+0x8aa543]
V  [jvm.dll+0x27f6d6]
V  [jvm.dll+0xc500d]
V  [jvm.dll+0xc5543]
V  [jvm.dll+0x3b65d2]
V  [jvm.dll+0x1dfdf3]
V  [jvm.dll+0x247b22]
V  [jvm.dll+0x246faf]
V  [jvm.dll+0x1c75ce]
V  [jvm.dll+0x25682a]
V  [jvm.dll+0x254dca]
V  [jvm.dll+0x3f00d6]
V  [jvm.dll+0x8514fb]
V  [jvm.dll+0x6cbbed]
C  [ucrtbase.dll+0x29333]
C  [KERNEL32.DLL+0x1259d]
C  [ntdll.dll+0x5af38]


---------------  P R O C E S S  ---------------

Threads class SMR info:
_java_thread_list=0x000001c214cd1640, length=55, elements={
0x000001c1b562eb90, 0x000001c1cbd6bf80, 0x000001c1cbd6d490, 0x000001c1cbd70240,
0x000001c1cbd71240, 0x000001c1cbd75bf0, 0x000001c1cbd7d090, 0x000001c1cbd88af0,
0x000001c1cbd89b70, 0x000001c1cbd7afc0, 0x000001c1cbd7ddb0, 0x000001c1cbd7c370,
0x000001c1cbd7b650, 0x000001c1cbd7bce0, 0x000001c1cbd7ca00, 0x000001c1cbd7a930,
0x000001c1cbd7d720, 0x000001c20eb1a8c0, 0x000001c20eb1fe10, 0x000001c20eb20b30,
0x000001c20eb1bc70, 0x000001c20eb1b5e0, 0x000001c2152c1750, 0x000001c2152c1df0,
0x000001c20eb1dd40, 0x000001c20eb1ea60, 0x000001c20eb1f0f0, 0x000001c20eb1f780,
0x000001c20eb211c0, 0x000001c20eb1c300, 0x000001c20eb21ee0, 0x000001c20eb1c990,
0x000001c20eb1d020, 0x000001c20eb204a0, 0x000001c20eb1af50, 0x000001c20eb1d6b0,
0x000001c20eb21850, 0x000001c20eb1e3d0, 0x000001c21665fcc0, 0x000001c216660350,
0x000001c21665d560, 0x000001c21665e910, 0x000001c21665f630, 0x000001c21665dbf0,
0x000001c21665e280, 0x000001c21665c1b0, 0x000001c21665b490, 0x000001c21665a770,
0x000001c21665efa0, 0x000001c21665c840, 0x000001c216661070, 0x000001c216661d90,
0x000001c216661700, 0x000001c21665bb20, 0x000001c21308c7b0
}

Java Threads: ( => current thread )
  0x000001c1b562eb90 JavaThread "main"                              [_thread_blocked, id=11444, stack(0x0000005617f00000,0x0000005618000000) (1024K)]
  0x000001c1cbd6bf80 JavaThread "Reference Handler"          daemon [_thread_blocked, id=25564, stack(0x0000005618300000,0x0000005618400000) (1024K)]
  0x000001c1cbd6d490 JavaThread "Finalizer"                  daemon [_thread_blocked, id=19864, stack(0x0000005618400000,0x0000005618500000) (1024K)]
  0x000001c1cbd70240 JavaThread "Signal Dispatcher"          daemon [_thread_blocked, id=25348, stack(0x0000005618500000,0x0000005618600000) (1024K)]
  0x000001c1cbd71240 JavaThread "Attach Listener"            daemon [_thread_blocked, id=3892, stack(0x0000005618600000,0x0000005618700000) (1024K)]
  0x000001c1cbd75bf0 JavaThread "Service Thread"             daemon [_thread_blocked, id=26436, stack(0x0000005618700000,0x0000005618800000) (1024K)]
  0x000001c1cbd7d090 JavaThread "Monitor Deflation Thread"   daemon [_thread_blocked, id=29096, stack(0x0000005618800000,0x0000005618900000) (1024K)]
  0x000001c1cbd88af0 JavaThread "C2 CompilerThread0"         daemon [_thread_in_native, id=31552, stack(0x0000005618900000,0x0000005618a00000) (1024K)]
  0x000001c1cbd89b70 JavaThread "C1 CompilerThread0"         daemon [_thread_blocked, id=1856, stack(0x0000005618a00000,0x0000005618b00000) (1024K)]
  0x000001c1cbd7afc0 JavaThread "Common-Cleaner"             daemon [_thread_blocked, id=26144, stack(0x0000005618b00000,0x0000005618c00000) (1024K)]
  0x000001c1cbd7ddb0 JavaThread "Notification Thread"        daemon [_thread_blocked, id=27752, stack(0x0000005618e00000,0x0000005618f00000) (1024K)]
  0x000001c1cbd7c370 JavaThread "Active Thread: Equinox Container: da862e50-6413-4513-b6ca-166c32efb06a"        [_thread_blocked, id=28680, stack(0x0000005619500000,0x0000005619600000) (1024K)]
  0x000001c1cbd7b650 JavaThread "Refresh Thread: Equinox Container: da862e50-6413-4513-b6ca-166c32efb06a" daemon [_thread_blocked, id=26480, stack(0x0000005619600000,0x0000005619700000) (1024K)]
  0x000001c1cbd7bce0 JavaThread "Framework Event Dispatcher: Equinox Container: da862e50-6413-4513-b6ca-166c32efb06a" daemon [_thread_blocked, id=32340, stack(0x0000005619800000,0x0000005619900000) (1024K)]
  0x000001c1cbd7ca00 JavaThread "Start Level: Equinox Container: da862e50-6413-4513-b6ca-166c32efb06a" daemon [_thread_blocked, id=24240, stack(0x0000005619900000,0x0000005619a00000) (1024K)]
  0x000001c1cbd7a930 JavaThread "Bundle File Closer"         daemon [_thread_blocked, id=20344, stack(0x0000005618c00000,0x0000005618d00000) (1024K)]
  0x000001c1cbd7d720 JavaThread "SCR Component Actor"        daemon [_thread_blocked, id=18004, stack(0x0000005618d00000,0x0000005618e00000) (1024K)]
  0x000001c20eb1a8c0 JavaThread "SCR Component Registry"     daemon [_thread_blocked, id=7656, stack(0x0000005619a00000,0x0000005619b00000) (1024K)]
  0x000001c20eb1fe10 JavaThread "Worker-JM"                         [_thread_blocked, id=26744, stack(0x0000005619c00000,0x0000005619d00000) (1024K)]
  0x000001c20eb20b30 JavaThread "JNA Cleaner"                daemon [_thread_blocked, id=31592, stack(0x0000005619b00000,0x0000005619c00000) (1024K)]
  0x000001c20eb1bc70 JavaThread "Worker-0"                          [_thread_blocked, id=14044, stack(0x0000005619d00000,0x0000005619e00000) (1024K)]
  0x000001c20eb1b5e0 JavaThread "Worker-1: Building"                [_thread_in_native, id=9668, stack(0x0000005619e00000,0x0000005619f00000) (1024K)]
  0x000001c2152c1750 JavaThread "C2 CompilerThread1"         daemon [_thread_in_native, id=10560, stack(0x0000005619f00000,0x000000561a000000) (1024K)]
=>0x000001c2152c1df0 JavaThread "C2 CompilerThread2"         daemon [_thread_in_native, id=28916, stack(0x000000561a000000,0x000000561a100000) (1024K)]
  0x000001c20eb1dd40 JavaThread "Java indexing"              daemon [_thread_in_native, id=2760, stack(0x000000561a100000,0x000000561a200000) (1024K)]
  0x000001c20eb1ea60 JavaThread "Worker-2"                          [_thread_blocked, id=27036, stack(0x000000561a400000,0x000000561a500000) (1024K)]
  0x000001c20eb1f0f0 JavaThread "Thread-2"                   daemon [_thread_in_native, id=30040, stack(0x000000561a500000,0x000000561a600000) (1024K)]
  0x000001c20eb1f780 JavaThread "Thread-3"                   daemon [_thread_in_native, id=19364, stack(0x000000561a600000,0x000000561a700000) (1024K)]
  0x000001c20eb211c0 JavaThread "Thread-4"                   daemon [_thread_in_native, id=5348, stack(0x000000561a700000,0x000000561a800000) (1024K)]
  0x000001c20eb1c300 JavaThread "Thread-5"                   daemon [_thread_in_native, id=25288, stack(0x000000561a800000,0x000000561a900000) (1024K)]
  0x000001c20eb21ee0 JavaThread "Thread-6"                   daemon [_thread_in_native, id=32256, stack(0x000000561a900000,0x000000561aa00000) (1024K)]
  0x000001c20eb1c990 JavaThread "Thread-7"                   daemon [_thread_in_native, id=20164, stack(0x000000561aa00000,0x000000561ab00000) (1024K)]
  0x000001c20eb1d020 JavaThread "Thread-8"                   daemon [_thread_in_native, id=29008, stack(0x000000561ab00000,0x000000561ac00000) (1024K)]
  0x000001c20eb204a0 JavaThread "Thread-9"                   daemon [_thread_in_native, id=33184, stack(0x000000561ac00000,0x000000561ad00000) (1024K)]
  0x000001c20eb1af50 JavaThread "Thread-10"                  daemon [_thread_in_native, id=32184, stack(0x000000561ad00000,0x000000561ae00000) (1024K)]
  0x000001c20eb1d6b0 JavaThread "Worker-3: Java indexing... "        [_thread_blocked, id=32316, stack(0x000000561ae00000,0x000000561af00000) (1024K)]
  0x000001c20eb21850 JavaThread "Worker-4"                          [_thread_blocked, id=33444, stack(0x000000561af00000,0x000000561b000000) (1024K)]
  0x000001c20eb1e3d0 JavaThread "pool-2-thread-1"                   [_thread_blocked, id=33256, stack(0x000000561b000000,0x000000561b100000) (1024K)]
  0x000001c21665fcc0 JavaThread "Worker-5"                          [_thread_blocked, id=2736, stack(0x000000561b100000,0x000000561b200000) (1024K)]
  0x000001c216660350 JavaThread "WorkspaceEventsHandler"            [_thread_blocked, id=27820, stack(0x000000561b200000,0x000000561b300000) (1024K)]
  0x000001c21665d560 JavaThread "pool-1-thread-1"                   [_thread_blocked, id=10412, stack(0x000000561b300000,0x000000561b400000) (1024K)]
  0x000001c21665e910 JavaThread "LocalFile Deleter"          daemon [_thread_blocked, id=23340, stack(0x000000561b400000,0x000000561b500000) (1024K)]
  0x000001c21665f630 JavaThread "LocalFile Deleter"          daemon [_thread_blocked, id=6100, stack(0x000000561b500000,0x000000561b600000) (1024K)]
  0x000001c21665dbf0 JavaThread "LocalFile Deleter"          daemon [_thread_blocked, id=27032, stack(0x000000561b600000,0x000000561b700000) (1024K)]
  0x000001c21665e280 JavaThread "LocalFile Deleter"          daemon [_thread_blocked, id=7276, stack(0x000000561b700000,0x000000561b800000) (1024K)]
  0x000001c21665c1b0 JavaThread "LocalFile Deleter"          daemon [_thread_blocked, id=31448, stack(0x000000561b800000,0x000000561b900000) (1024K)]
  0x000001c21665b490 JavaThread "LocalFile Deleter"          daemon [_thread_blocked, id=33108, stack(0x000000561b900000,0x000000561ba00000) (1024K)]
  0x000001c21665a770 JavaThread "LocalFile Deleter"          daemon [_thread_blocked, id=16672, stack(0x000000561ba00000,0x000000561bb00000) (1024K)]
  0x000001c21665efa0 JavaThread "LocalFile Deleter"          daemon [_thread_blocked, id=33044, stack(0x000000561bb00000,0x000000561bc00000) (1024K)]
  0x000001c21665c840 JavaThread "Compiler Source File Reader" daemon [_thread_blocked, id=32556, stack(0x000000561bc00000,0x000000561bd00000) (1024K)]
  0x000001c216661070 JavaThread "Compiler Source File Reader" daemon [_thread_blocked, id=22252, stack(0x000000561bd00000,0x000000561be00000) (1024K)]
  0x000001c216661d90 JavaThread "Compiler Source File Reader" daemon [_thread_blocked, id=25120, stack(0x000000561be00000,0x000000561bf00000) (1024K)]
  0x000001c216661700 JavaThread "Compiler Source File Reader" daemon [_thread_blocked, id=25240, stack(0x000000561bf00000,0x000000561c000000) (1024K)]
  0x000001c21665bb20 JavaThread "Compiler Source File Reader" daemon [_thread_blocked, id=26128, stack(0x000000561c000000,0x000000561c100000) (1024K)]
  0x000001c21308c7b0 JavaThread "Compiler Source File Reader" daemon [_thread_blocked, id=33132, stack(0x000000561c100000,0x000000561c200000) (1024K)]
Total: 55

Other Threads:
  0x000001c1cbd63130 VMThread "VM Thread"                           [id=32820, stack(0x0000005618200000,0x0000005618300000) (1024K)]
  0x000001c1b78bea40 WatcherThread "VM Periodic Task Thread"        [id=33788, stack(0x0000005618100000,0x0000005618200000) (1024K)]
  0x000001c1b7872490 WorkerThread "GC Thread#0"                     [id=20696, stack(0x0000005618000000,0x0000005618100000) (1024K)]
  0x000001c21387c660 WorkerThread "GC Thread#1"                     [id=32272, stack(0x0000005618f00000,0x0000005619000000) (1024K)]
  0x000001c21387ca00 WorkerThread "GC Thread#2"                     [id=33728, stack(0x0000005619000000,0x0000005619100000) (1024K)]
  0x000001c21387cda0 WorkerThread "GC Thread#3"                     [id=24788, stack(0x0000005619100000,0x0000005619200000) (1024K)]
  0x000001c21387d140 WorkerThread "GC Thread#4"                     [id=21436, stack(0x0000005619200000,0x0000005619300000) (1024K)]
  0x000001c21370f870 WorkerThread "GC Thread#5"                     [id=32764, stack(0x0000005619300000,0x0000005619400000) (1024K)]
  0x000001c21370fc10 WorkerThread "GC Thread#6"                     [id=30968, stack(0x0000005619400000,0x0000005619500000) (1024K)]
  0x000001c213433c90 WorkerThread "GC Thread#7"                     [id=32440, stack(0x0000005619700000,0x0000005619800000) (1024K)]
Total: 10

Threads with active compile tasks:
C2 CompilerThread0  11831 7111   !   4       org.eclipse.jdt.internal.compiler.classfmt.ClassFileReader::<init> (2135 bytes)
C2 CompilerThread1  11831 7072       4       org.eclipse.jdt.internal.core.search.indexing.BinaryIndexer::extractReferenceFromConstantPool (358 bytes)
C2 CompilerThread2  11832 7048   !   4       org.eclipse.jdt.internal.core.search.indexing.BinaryIndexer::indexDocument (1204 bytes)
Total: 3

VM state: not at safepoint (normal execution)

VM Mutex/Monitor currently owned by a thread: None

Heap address: 0x00000000c0000000, size: 1024 MB, Compressed Oops mode: 32-bit

CDS archive(s) mapped at: [0x000001c1cc000000-0x000001c1ccba0000-0x000001c1ccba0000), size 12189696, SharedBaseAddress: 0x000001c1cc000000, ArchiveRelocationMode: 1.
Compressed class space mapped at: 0x000001c1cd000000-0x000001c20d000000, reserved size: 1073741824
Narrow klass base: 0x000001c1cc000000, Narrow klass shift: 0, Narrow klass range: 0x100000000

GC Precious Log:
 CardTable entry size: 512
 CPUs: 8 total, 8 available
 Memory: 16126M
 Large Page Support: Disabled
 NUMA Support: Disabled
 Compressed Oops: Enabled (32-bit)
 Alignments: Space 512K, Generation 512K, Heap 2M
 Heap Min Capacity: 100M
 Heap Initial Capacity: 100M
 Heap Max Capacity: 1G
 Pre-touch: Disabled
 Parallel Workers: 8

Heap:
 PSYoungGen      total 22528K, used 2630K [0x00000000eab00000, 0x00000000ec300000, 0x0000000100000000)
  eden space 20992K, 5% used [0x00000000eab00000,0x00000000eac39af0,0x00000000ebf80000)
  from space 1536K, 89% used [0x00000000ec180000,0x00000000ec2d8000,0x00000000ec300000)
  to   space 1536K, 0% used [0x00000000ec000000,0x00000000ec000000,0x00000000ec180000)
 ParOldGen       total 68608K, used 37488K [0x00000000c0000000, 0x00000000c4300000, 0x00000000eab00000)
  object space 68608K, 54% used [0x00000000c0000000,0x00000000c249c3d0,0x00000000c4300000)
 Metaspace       used 50525K, committed 51776K, reserved 1114112K
  class space    used 5346K, committed 5888K, reserved 1048576K

Card table byte_map: [0x000001c1b7220000,0x000001c1b7430000] _byte_map_base: 0x000001c1b6c20000

Marking Bits: (ParMarkBitMap*) 0x00007ff8d3992250
 Begin Bits: [0x000001c1c9ba0000, 0x000001c1caba0000)
 End Bits:   [0x000001c1caba0000, 0x000001c1cbba0000)

Polling page: 0x000001c1b7010000

Metaspace:

Usage:
  Non-class:     44.12 MB used.
      Class:      5.22 MB used.
       Both:     49.34 MB used.

Virtual space:
  Non-class space:       64.00 MB reserved,      44.81 MB ( 70%) committed,  1 nodes.
      Class space:        1.00 GB reserved,       5.75 MB ( <1%) committed,  1 nodes.
             Both:        1.06 GB reserved,      50.56 MB (  5%) committed. 

Chunk freelists:
   Non-Class:  2.27 MB
       Class:  10.17 MB
        Both:  12.44 MB

MaxMetaspaceSize: unlimited
CompressedClassSpaceSize: 1.00 GB
Initial GC threshold: 21.00 MB
Current GC threshold: 58.38 MB
CDS: on
 - commit_granule_bytes: 65536.
 - commit_granule_words: 8192.
 - virtual_space_node_default_size: 8388608.
 - enlarge_chunks_in_place: 1.
 - use_allocation_guard: 0.


Internal statistics:

num_allocs_failed_limit: 10.
num_arena_births: 910.
num_arena_deaths: 14.
num_vsnodes_births: 2.
num_vsnodes_deaths: 0.
num_space_committed: 809.
num_space_uncommitted: 0.
num_chunks_returned_to_freelist: 24.
num_chunks_taken_from_freelist: 3227.
num_chunk_merges: 14.
num_chunk_splits: 2015.
num_chunks_enlarged: 1112.
num_inconsistent_stats: 0.

CodeHeap 'non-profiled nmethods': size=120000Kb used=3938Kb max_used=3938Kb free=116061Kb
 bounds [0x000001c1c2670000, 0x000001c1c2a50000, 0x000001c1c9ba0000]
CodeHeap 'profiled nmethods': size=120000Kb used=14310Kb max_used=14310Kb free=105690Kb
 bounds [0x000001c1baba0000, 0x000001c1bb9a0000, 0x000001c1c20d0000]
CodeHeap 'non-nmethods': size=5760Kb used=1398Kb max_used=1449Kb free=4361Kb
 bounds [0x000001c1c20d0000, 0x000001c1c2340000, 0x000001c1c2670000]
 total_blobs=7224 nmethods=6533 adapters=597
 compilation: enabled
              stopped_count=0, restarted_count=0
 full_count=0

Compilation events (20 events):
Event: 11.696 Thread 0x000001c1cbd89b70 7120   !   3       org.eclipse.osgi.framework.util.SecureAction::getURL (78 bytes)
Event: 11.697 Thread 0x000001c1cbd89b70 nmethod 7120 0x000001c1bb987490 code [0x000001c1bb987660, 0x000001c1bb987910]
Event: 11.697 Thread 0x000001c1cbd89b70 7116       3       org.eclipse.osgi.storage.url.bundleresource.Handler::<init> (7 bytes)
Event: 11.697 Thread 0x000001c1cbd89b70 nmethod 7116 0x000001c1bb987a90 code [0x000001c1bb987c40, 0x000001c1bb987e90]
Event: 11.716 Thread 0x000001c1cbd89b70 7121   !   3       sun.net.www.protocol.jar.JarURLConnection::connect (196 bytes)
Event: 11.717 Thread 0x000001c1cbd89b70 nmethod 7121 0x000001c1bb987f90 code [0x000001c1bb9882c0, 0x000001c1bb989458]
Event: 11.719 Thread 0x000001c1cbd89b70 7122       3       sun.net.www.protocol.jar.Handler::openConnection (10 bytes)
Event: 11.719 Thread 0x000001c1cbd89b70 nmethod 7122 0x000001c1bb989990 code [0x000001c1bb989ba0, 0x000001c1bb98a120]
Event: 11.719 Thread 0x000001c1cbd89b70 7123       3       sun.net.www.protocol.jar.JarURLConnection::<init> (28 bytes)
Event: 11.719 Thread 0x000001c1cbd89b70 nmethod 7123 0x000001c1bb98a390 code [0x000001c1bb98a580, 0x000001c1bb98aa38]
Event: 11.720 Thread 0x000001c1cbd89b70 7124       3       sun.net.www.protocol.jar.JarURLConnection::getInputStream (96 bytes)
Event: 11.720 Thread 0x000001c1cbd89b70 nmethod 7124 0x000001c1bb98ac10 code [0x000001c1bb98aee0, 0x000001c1bb98bba8]
Event: 11.720 Thread 0x000001c1cbd89b70 7125       3       org.eclipse.osgi.internal.loader.classpath.ClasspathManager::findLocalResourceImpl (81 bytes)
Event: 11.721 Thread 0x000001c1cbd89b70 nmethod 7125 0x000001c1bb98c090 code [0x000001c1bb98c260, 0x000001c1bb98c640]
Event: 11.733 Thread 0x000001c1cbd89b70 7126   !   3       sun.net.www.protocol.jar.JarURLConnection$JarURLInputStream::close (51 bytes)
Event: 11.733 Thread 0x000001c1cbd89b70 nmethod 7126 0x000001c1bb98c890 code [0x000001c1bb98cac0, 0x000001c1bb98d1e8]
Event: 11.736 Thread 0x000001c1cbd89b70 7127       3       org.eclipse.jdt.internal.compiler.util.Util::scanTypeSignature (206 bytes)
Event: 11.736 Thread 0x000001c1cbd89b70 nmethod 7127 0x000001c1bb98d510 code [0x000001c1bb98d880, 0x000001c1bb98e940]
Event: 11.740 Thread 0x000001c1cbd89b70 7128       3       org.eclipse.jdt.internal.core.search.indexing.BinaryIndexer::removeFirstSyntheticParameter (73 bytes)
Event: 11.740 Thread 0x000001c1cbd89b70 nmethod 7128 0x000001c1bb98ef10 code [0x000001c1bb98f100, 0x000001c1bb98f5b0]

GC Heap History (20 events):
Event: 8.961 GC heap before
{Heap before GC invocations=16 (full 2):
 PSYoungGen      total 25600K, used 22016K [0x00000000eab00000, 0x00000000ec700000, 0x0000000100000000)
  eden space 22016K, 100% used [0x00000000eab00000,0x00000000ec080000,0x00000000ec080000)
  from space 3584K, 0% used [0x00000000ec080000,0x00000000ec080000,0x00000000ec400000)
  to   space 1536K, 0% used [0x00000000ec580000,0x00000000ec580000,0x00000000ec700000)
 ParOldGen       total 68608K, used 19175K [0x00000000c0000000, 0x00000000c4300000, 0x00000000eab00000)
  object space 68608K, 27% used [0x00000000c0000000,0x00000000c12b9fb0,0x00000000c4300000)
 Metaspace       used 36456K, committed 37632K, reserved 1114112K
  class space    used 3649K, committed 4160K, reserved 1048576K
}
Event: 8.965 GC heap after
{Heap after GC invocations=16 (full 2):
 PSYoungGen      total 23552K, used 1509K [0x00000000eab00000, 0x00000000ec700000, 0x0000000100000000)
  eden space 22016K, 0% used [0x00000000eab00000,0x00000000eab00000,0x00000000ec080000)
  from space 1536K, 98% used [0x00000000ec580000,0x00000000ec6f96f0,0x00000000ec700000)
  to   space 3072K, 0% used [0x00000000ec100000,0x00000000ec100000,0x00000000ec400000)
 ParOldGen       total 68608K, used 20237K [0x00000000c0000000, 0x00000000c4300000, 0x00000000eab00000)
  object space 68608K, 29% used [0x00000000c0000000,0x00000000c13c34c0,0x00000000c4300000)
 Metaspace       used 36456K, committed 37632K, reserved 1114112K
  class space    used 3649K, committed 4160K, reserved 1048576K
}
Event: 9.636 GC heap before
{Heap before GC invocations=17 (full 2):
 PSYoungGen      total 23552K, used 23499K [0x00000000eab00000, 0x00000000ec700000, 0x0000000100000000)
  eden space 22016K, 99% used [0x00000000eab00000,0x00000000ec079868,0x00000000ec080000)
  from space 1536K, 98% used [0x00000000ec580000,0x00000000ec6f96f0,0x00000000ec700000)
  to   space 3072K, 0% used [0x00000000ec100000,0x00000000ec100000,0x00000000ec400000)
 ParOldGen       total 68608K, used 20237K [0x00000000c0000000, 0x00000000c4300000, 0x00000000eab00000)
  object space 68608K, 29% used [0x00000000c0000000,0x00000000c13c34c0,0x00000000c4300000)
 Metaspace       used 38387K, committed 39552K, reserved 1114112K
  class space    used 3888K, committed 4416K, reserved 1048576K
}
Event: 9.639 GC heap after
{Heap after GC invocations=17 (full 2):
 PSYoungGen      total 25088K, used 3004K [0x00000000eab00000, 0x00000000ec780000, 0x0000000100000000)
  eden space 22016K, 0% used [0x00000000eab00000,0x00000000eab00000,0x00000000ec080000)
  from space 3072K, 97% used [0x00000000ec100000,0x00000000ec3ef3d0,0x00000000ec400000)
  to   space 3584K, 0% used [0x00000000ec400000,0x00000000ec400000,0x00000000ec780000)
 ParOldGen       total 68608K, used 21679K [0x00000000c0000000, 0x00000000c4300000, 0x00000000eab00000)
  object space 68608K, 31% used [0x00000000c0000000,0x00000000c152bc90,0x00000000c4300000)
 Metaspace       used 38387K, committed 39552K, reserved 1114112K
  class space    used 3888K, committed 4416K, reserved 1048576K
}
Event: 9.830 GC heap before
{Heap before GC invocations=18 (full 2):
 PSYoungGen      total 25088K, used 25020K [0x00000000eab00000, 0x00000000ec780000, 0x0000000100000000)
  eden space 22016K, 100% used [0x00000000eab00000,0x00000000ec080000,0x00000000ec080000)
  from space 3072K, 97% used [0x00000000ec100000,0x00000000ec3ef3d0,0x00000000ec400000)
  to   space 3584K, 0% used [0x00000000ec400000,0x00000000ec400000,0x00000000ec780000)
 ParOldGen       total 68608K, used 21679K [0x00000000c0000000, 0x00000000c4300000, 0x00000000eab00000)
  object space 68608K, 31% used [0x00000000c0000000,0x00000000c152bc90,0x00000000c4300000)
 Metaspace       used 39911K, committed 41088K, reserved 1114112K
  class space    used 4069K, committed 4608K, reserved 1048576K
}
Event: 9.832 GC heap after
{Heap after GC invocations=18 (full 2):
 PSYoungGen      total 23552K, used 1309K [0x00000000eab00000, 0x00000000ec580000, 0x0000000100000000)
  eden space 22016K, 0% used [0x00000000eab00000,0x00000000eab00000,0x00000000ec080000)
  from space 1536K, 85% used [0x00000000ec400000,0x00000000ec5474b8,0x00000000ec580000)
  to   space 2048K, 0% used [0x00000000ec180000,0x00000000ec180000,0x00000000ec380000)
 ParOldGen       total 68608K, used 24402K [0x00000000c0000000, 0x00000000c4300000, 0x00000000eab00000)
  object space 68608K, 35% used [0x00000000c0000000,0x00000000c17d4b30,0x00000000c4300000)
 Metaspace       used 39911K, committed 41088K, reserved 1114112K
  class space    used 4069K, committed 4608K, reserved 1048576K
}
Event: 10.113 GC heap before
{Heap before GC invocations=19 (full 2):
 PSYoungGen      total 23552K, used 23325K [0x00000000eab00000, 0x00000000ec580000, 0x0000000100000000)
  eden space 22016K, 100% used [0x00000000eab00000,0x00000000ec080000,0x00000000ec080000)
  from space 1536K, 85% used [0x00000000ec400000,0x00000000ec5474b8,0x00000000ec580000)
  to   space 2048K, 0% used [0x00000000ec180000,0x00000000ec180000,0x00000000ec380000)
 ParOldGen       total 68608K, used 24402K [0x00000000c0000000, 0x00000000c4300000, 0x00000000eab00000)
  object space 68608K, 35% used [0x00000000c0000000,0x00000000c17d4b30,0x00000000c4300000)
 Metaspace       used 41470K, committed 42688K, reserved 1114112K
  class space    used 4258K, committed 4800K, reserved 1048576K
}
Event: 10.116 GC heap after
{Heap after GC invocations=19 (full 2):
 PSYoungGen      total 24064K, used 1558K [0x00000000eab00000, 0x00000000ec480000, 0x0000000100000000)
  eden space 22016K, 0% used [0x00000000eab00000,0x00000000eab00000,0x00000000ec080000)
  from space 2048K, 76% used [0x00000000ec180000,0x00000000ec3059e0,0x00000000ec380000)
  to   space 1024K, 0% used [0x00000000ec380000,0x00000000ec380000,0x00000000ec480000)
 ParOldGen       total 68608K, used 25370K [0x00000000c0000000, 0x00000000c4300000, 0x00000000eab00000)
  object space 68608K, 36% used [0x00000000c0000000,0x00000000c18c6b30,0x00000000c4300000)
 Metaspace       used 41470K, committed 42688K, reserved 1114112K
  class space    used 4258K, committed 4800K, reserved 1048576K
}
Event: 10.367 GC heap before
{Heap before GC invocations=20 (full 2):
 PSYoungGen      total 24064K, used 23574K [0x00000000eab00000, 0x00000000ec480000, 0x0000000100000000)
  eden space 22016K, 100% used [0x00000000eab00000,0x00000000ec080000,0x00000000ec080000)
  from space 2048K, 76% used [0x00000000ec180000,0x00000000ec3059e0,0x00000000ec380000)
  to   space 1024K, 0% used [0x00000000ec380000,0x00000000ec380000,0x00000000ec480000)
 ParOldGen       total 68608K, used 25370K [0x00000000c0000000, 0x00000000c4300000, 0x00000000eab00000)
  object space 68608K, 36% used [0x00000000c0000000,0x00000000c18c6b30,0x00000000c4300000)
 Metaspace       used 43244K, committed 44480K, reserved 1114112K
  class space    used 4472K, committed 4992K, reserved 1048576K
}
Event: 10.370 GC heap after
{Heap after GC invocations=20 (full 2):
 PSYoungGen      total 22528K, used 1020K [0x00000000eab00000, 0x00000000ec780000, 0x0000000100000000)
  eden space 21504K, 0% used [0x00000000eab00000,0x00000000eab00000,0x00000000ec000000)
  from space 1024K, 99% used [0x00000000ec380000,0x00000000ec47f018,0x00000000ec480000)
  to   space 3584K, 0% used [0x00000000ec000000,0x00000000ec000000,0x00000000ec380000)
 ParOldGen       total 68608K, used 27367K [0x00000000c0000000, 0x00000000c4300000, 0x00000000eab00000)
  object space 68608K, 39% used [0x00000000c0000000,0x00000000c1ab9fa0,0x00000000c4300000)
 Metaspace       used 43244K, committed 44480K, reserved 1114112K
  class space    used 4472K, committed 4992K, reserved 1048576K
}
Event: 10.554 GC heap before
{Heap before GC invocations=21 (full 2):
 PSYoungGen      total 22528K, used 22524K [0x00000000eab00000, 0x00000000ec780000, 0x0000000100000000)
  eden space 21504K, 100% used [0x00000000eab00000,0x00000000ec000000,0x00000000ec000000)
  from space 1024K, 99% used [0x00000000ec380000,0x00000000ec47f018,0x00000000ec480000)
  to   space 3584K, 0% used [0x00000000ec000000,0x00000000ec000000,0x00000000ec380000)
 ParOldGen       total 68608K, used 27367K [0x00000000c0000000, 0x00000000c4300000, 0x00000000eab00000)
  object space 68608K, 39% used [0x00000000c0000000,0x00000000c1ab9fa0,0x00000000c4300000)
 Metaspace       used 45163K, committed 46336K, reserved 1114112K
  class space    used 4692K, committed 5184K, reserved 1048576K
}
Event: 10.557 GC heap after
{Heap after GC invocations=21 (full 2):
 PSYoungGen      total 24064K, used 2144K [0x00000000eab00000, 0x00000000ec500000, 0x0000000100000000)
  eden space 21504K, 0% used [0x00000000eab00000,0x00000000eab00000,0x00000000ec000000)
  from space 2560K, 83% used [0x00000000ec000000,0x00000000ec218080,0x00000000ec280000)
  to   space 2560K, 0% used [0x00000000ec280000,0x00000000ec280000,0x00000000ec500000)
 ParOldGen       total 68608K, used 28317K [0x00000000c0000000, 0x00000000c4300000, 0x00000000eab00000)
  object space 68608K, 41% used [0x00000000c0000000,0x00000000c1ba77b8,0x00000000c4300000)
 Metaspace       used 45163K, committed 46336K, reserved 1114112K
  class space    used 4692K, committed 5184K, reserved 1048576K
}
Event: 10.808 GC heap before
{Heap before GC invocations=22 (full 2):
 PSYoungGen      total 24064K, used 23648K [0x00000000eab00000, 0x00000000ec500000, 0x0000000100000000)
  eden space 21504K, 100% used [0x00000000eab00000,0x00000000ec000000,0x00000000ec000000)
  from space 2560K, 83% used [0x00000000ec000000,0x00000000ec218080,0x00000000ec280000)
  to   space 2560K, 0% used [0x00000000ec280000,0x00000000ec280000,0x00000000ec500000)
 ParOldGen       total 68608K, used 28317K [0x00000000c0000000, 0x00000000c4300000, 0x00000000eab00000)
  object space 68608K, 41% used [0x00000000c0000000,0x00000000c1ba77b8,0x00000000c4300000)
 Metaspace       used 46486K, committed 47744K, reserved 1114112K
  class space    used 4875K, committed 5376K, reserved 1048576K
}
Event: 10.812 GC heap after
{Heap after GC invocations=22 (full 2):
 PSYoungGen      total 23552K, used 2536K [0x00000000eab00000, 0x00000000ec600000, 0x0000000100000000)
  eden space 20992K, 0% used [0x00000000eab00000,0x00000000eab00000,0x00000000ebf80000)
  from space 2560K, 99% used [0x00000000ec280000,0x00000000ec4fa018,0x00000000ec500000)
  to   space 3072K, 0% used [0x00000000ebf80000,0x00000000ebf80000,0x00000000ec280000)
 ParOldGen       total 68608K, used 30233K [0x00000000c0000000, 0x00000000c4300000, 0x00000000eab00000)
  object space 68608K, 44% used [0x00000000c0000000,0x00000000c1d86670,0x00000000c4300000)
 Metaspace       used 46486K, committed 47744K, reserved 1114112K
  class space    used 4875K, committed 5376K, reserved 1048576K
}
Event: 11.014 GC heap before
{Heap before GC invocations=23 (full 2):
 PSYoungGen      total 23552K, used 23528K [0x00000000eab00000, 0x00000000ec600000, 0x0000000100000000)
  eden space 20992K, 100% used [0x00000000eab00000,0x00000000ebf80000,0x00000000ebf80000)
  from space 2560K, 99% used [0x00000000ec280000,0x00000000ec4fa018,0x00000000ec500000)
  to   space 3072K, 0% used [0x00000000ebf80000,0x00000000ebf80000,0x00000000ec280000)
 ParOldGen       total 68608K, used 30233K [0x00000000c0000000, 0x00000000c4300000, 0x00000000eab00000)
  object space 68608K, 44% used [0x00000000c0000000,0x00000000c1d86670,0x00000000c4300000)
 Metaspace       used 48518K, committed 49664K, reserved 1114112K
  class space    used 5094K, committed 5568K, reserved 1048576K
}
Event: 11.018 GC heap after
{Heap after GC invocations=23 (full 2):
 PSYoungGen      total 23040K, used 1817K [0x00000000eab00000, 0x00000000ec480000, 0x0000000100000000)
  eden space 20992K, 0% used [0x00000000eab00000,0x00000000eab00000,0x00000000ebf80000)
  from space 2048K, 88% used [0x00000000ebf80000,0x00000000ec1464d8,0x00000000ec180000)
  to   space 2560K, 0% used [0x00000000ec200000,0x00000000ec200000,0x00000000ec480000)
 ParOldGen       total 68608K, used 32657K [0x00000000c0000000, 0x00000000c4300000, 0x00000000eab00000)
  object space 68608K, 47% used [0x00000000c0000000,0x00000000c1fe4498,0x00000000c4300000)
 Metaspace       used 48518K, committed 49664K, reserved 1114112K
  class space    used 5094K, committed 5568K, reserved 1048576K
}
Event: 11.294 GC heap before
{Heap before GC invocations=24 (full 2):
 PSYoungGen      total 23040K, used 22809K [0x00000000eab00000, 0x00000000ec480000, 0x0000000100000000)
  eden space 20992K, 100% used [0x00000000eab00000,0x00000000ebf80000,0x00000000ebf80000)
  from space 2048K, 88% used [0x00000000ebf80000,0x00000000ec1464d8,0x00000000ec180000)
  to   space 2560K, 0% used [0x00000000ec200000,0x00000000ec200000,0x00000000ec480000)
 ParOldGen       total 68608K, used 32657K [0x00000000c0000000, 0x00000000c4300000, 0x00000000eab00000)
  object space 68608K, 47% used [0x00000000c0000000,0x00000000c1fe4498,0x00000000c4300000)
 Metaspace       used 49514K, committed 50688K, reserved 1114112K
  class space    used 5212K, committed 5696K, reserved 1048576K
}
Event: 11.297 GC heap after
{Heap after GC invocations=24 (full 2):
 PSYoungGen      total 23040K, used 1961K [0x00000000eab00000, 0x00000000ec400000, 0x0000000100000000)
  eden space 20992K, 0% used [0x00000000eab00000,0x00000000eab00000,0x00000000ebf80000)
  from space 2048K, 95% used [0x00000000ec200000,0x00000000ec3ea698,0x00000000ec400000)
  to   space 2048K, 0% used [0x00000000ebf80000,0x00000000ebf80000,0x00000000ec180000)
 ParOldGen       total 68608K, used 34199K [0x00000000c0000000, 0x00000000c4300000, 0x00000000eab00000)
  object space 68608K, 49% used [0x00000000c0000000,0x00000000c2165c90,0x00000000c4300000)
 Metaspace       used 49514K, committed 50688K, reserved 1114112K
  class space    used 5212K, committed 5696K, reserved 1048576K
}
Event: 11.571 GC heap before
{Heap before GC invocations=25 (full 2):
 PSYoungGen      total 23040K, used 22953K [0x00000000eab00000, 0x00000000ec400000, 0x0000000100000000)
  eden space 20992K, 100% used [0x00000000eab00000,0x00000000ebf80000,0x00000000ebf80000)
  from space 2048K, 95% used [0x00000000ec200000,0x00000000ec3ea698,0x00000000ec400000)
  to   space 2048K, 0% used [0x00000000ebf80000,0x00000000ebf80000,0x00000000ec180000)
 ParOldGen       total 68608K, used 34199K [0x00000000c0000000, 0x00000000c4300000, 0x00000000eab00000)
  object space 68608K, 49% used [0x00000000c0000000,0x00000000c2165c90,0x00000000c4300000)
 Metaspace       used 49926K, committed 51136K, reserved 1114112K
  class space    used 5284K, committed 5824K, reserved 1048576K
}
Event: 11.575 GC heap after
{Heap after GC invocations=25 (full 2):
 PSYoungGen      total 23040K, used 1696K [0x00000000eab00000, 0x00000000ec380000, 0x0000000100000000)
  eden space 20992K, 0% used [0x00000000eab00000,0x00000000eab00000,0x00000000ebf80000)
  from space 2048K, 82% used [0x00000000ebf80000,0x00000000ec128000,0x00000000ec180000)
  to   space 2048K, 0% used [0x00000000ec180000,0x00000000ec180000,0x00000000ec380000)
 ParOldGen       total 68608K, used 35967K [0x00000000c0000000, 0x00000000c4300000, 0x00000000eab00000)
  object space 68608K, 52% used [0x00000000c0000000,0x00000000c231fe18,0x00000000c4300000)
 Metaspace       used 49926K, committed 51136K, reserved 1114112K
  class space    used 5284K, committed 5824K, reserved 1048576K
}

Dll operation events (10 events):
Event: 0.006 Loaded shared library c:\Users\111\.cursor\extensions\redhat.java-1.39.0-win32-x64\jre\21.0.5-win32-x86_64\bin\java.dll
Event: 0.026 Loaded shared library c:\Users\111\.cursor\extensions\redhat.java-1.39.0-win32-x64\jre\21.0.5-win32-x86_64\bin\zip.dll
Event: 0.072 Loaded shared library C:\Users\111\.cursor\extensions\redhat.java-1.39.0-win32-x64\jre\21.0.5-win32-x86_64\bin\instrument.dll
Event: 0.076 Loaded shared library C:\Users\111\.cursor\extensions\redhat.java-1.39.0-win32-x64\jre\21.0.5-win32-x86_64\bin\net.dll
Event: 0.077 Loaded shared library C:\Users\111\.cursor\extensions\redhat.java-1.39.0-win32-x64\jre\21.0.5-win32-x86_64\bin\nio.dll
Event: 0.079 Loaded shared library C:\Users\111\.cursor\extensions\redhat.java-1.39.0-win32-x64\jre\21.0.5-win32-x86_64\bin\zip.dll
Event: 0.094 Loaded shared library C:\Users\111\.cursor\extensions\redhat.java-1.39.0-win32-x64\jre\21.0.5-win32-x86_64\bin\jimage.dll
Event: 0.167 Loaded shared library c:\Users\111\.cursor\extensions\redhat.java-1.39.0-win32-x64\jre\21.0.5-win32-x86_64\bin\verify.dll
Event: 0.974 Loaded shared library C:\Users\111\AppData\Roaming\Cursor\User\globalStorage\redhat.java\1.39.0\config_win\org.eclipse.equinox.launcher\org.eclipse.equinox.launcher.win32.win32.x86_64_1.2.1100.v20240722-2106\eclipse_11904.dll
Event: 6.473 Loaded shared library C:\Users\111\AppData\Local\Temp\jna-48657\jna14398611797832200312.dll

Deoptimization events (20 events):
Event: 11.558 Thread 0x000001c20eb1dd40 DEOPT PACKING pc=0x000001c1bb8b0a53 sp=0x000000561a1fed90
Event: 11.558 Thread 0x000001c20eb1dd40 DEOPT UNPACKING pc=0x000001c1c21278e2 sp=0x000000561a1fe2f8 mode 0
Event: 11.565 Thread 0x000001c20eb1b5e0 DEOPT PACKING pc=0x000001c1bb44160d sp=0x0000005619ef92f0
Event: 11.565 Thread 0x000001c20eb1b5e0 DEOPT UNPACKING pc=0x000001c1c21278e2 sp=0x0000005619ef87a0 mode 0
Event: 11.579 Thread 0x000001c20eb1b5e0 DEOPT PACKING pc=0x000001c1bb5825c6 sp=0x0000005619ef8890
Event: 11.579 Thread 0x000001c20eb1b5e0 DEOPT UNPACKING pc=0x000001c1c21278e2 sp=0x0000005619ef7e10 mode 0
Event: 11.584 Thread 0x000001c20eb1b5e0 DEOPT PACKING pc=0x000001c1bb1a97b9 sp=0x0000005619ef8f00
Event: 11.584 Thread 0x000001c20eb1b5e0 DEOPT UNPACKING pc=0x000001c1c21278e2 sp=0x0000005619ef8400 mode 0
Event: 11.588 Thread 0x000001c20eb1dd40 DEOPT PACKING pc=0x000001c1bb93c212 sp=0x000000561a1fed40
Event: 11.588 Thread 0x000001c20eb1dd40 DEOPT UNPACKING pc=0x000001c1c21278e2 sp=0x000000561a1fe2d8 mode 0
Event: 11.592 Thread 0x000001c20eb1dd40 DEOPT PACKING pc=0x000001c1bb8b0ad3 sp=0x000000561a1fed90
Event: 11.592 Thread 0x000001c20eb1dd40 DEOPT UNPACKING pc=0x000001c1c21278e2 sp=0x000000561a1fe2f8 mode 0
Event: 11.609 Thread 0x000001c20eb1dd40 DEOPT PACKING pc=0x000001c1bb93c212 sp=0x000000561a1fed40
Event: 11.609 Thread 0x000001c20eb1dd40 DEOPT UNPACKING pc=0x000001c1c21278e2 sp=0x000000561a1fe2d8 mode 0
Event: 11.610 Thread 0x000001c20eb1dd40 DEOPT PACKING pc=0x000001c1bb8b0ad3 sp=0x000000561a1fed90
Event: 11.610 Thread 0x000001c20eb1dd40 DEOPT UNPACKING pc=0x000001c1c21278e2 sp=0x000000561a1fe2f8 mode 0
Event: 11.652 Thread 0x000001c20eb1dd40 DEOPT PACKING pc=0x000001c1bb93c212 sp=0x000000561a1fed40
Event: 11.652 Thread 0x000001c20eb1dd40 DEOPT UNPACKING pc=0x000001c1c21278e2 sp=0x000000561a1fe2d8 mode 0
Event: 11.745 Thread 0x000001c20eb1dd40 DEOPT PACKING pc=0x000001c1bb8b0ad3 sp=0x000000561a1fed90
Event: 11.745 Thread 0x000001c20eb1dd40 DEOPT UNPACKING pc=0x000001c1c21278e2 sp=0x000000561a1fe2f8 mode 0

Classes loaded (20 events):
Event: 11.105 Loading class sun/security/provider/MD5
Event: 11.108 Loading class sun/security/provider/MD5 done
Event: 11.108 Loading class sun/security/provider/ByteArrayAccess$LE
Event: 11.108 Loading class sun/security/provider/ByteArrayAccess$LE done
Event: 11.115 Loading class java/util/stream/MatchOps$MatchKind
Event: 11.151 Loading class java/util/stream/MatchOps$MatchKind done
Event: 11.152 Loading class java/util/stream/MatchOps
Event: 11.152 Loading class java/util/stream/MatchOps done
Event: 11.152 Loading class java/util/stream/MatchOps$MatchOp
Event: 11.152 Loading class java/util/stream/MatchOps$MatchOp done
Event: 11.152 Loading class java/util/stream/MatchOps$BooleanTerminalSink
Event: 11.153 Loading class java/util/stream/MatchOps$BooleanTerminalSink done
Event: 11.153 Loading class java/util/stream/MatchOps$1MatchSink
Event: 11.153 Loading class java/util/stream/MatchOps$1MatchSink done
Event: 11.192 Loading class java/util/concurrent/ForkJoinTask$AdaptedCallable
Event: 11.192 Loading class java/util/concurrent/ForkJoinTask$AdaptedCallable done
Event: 11.412 Loading class java/lang/Runtime$VersionPattern
Event: 11.415 Loading class java/lang/Runtime$VersionPattern done
Event: 11.635 Loading class java/util/Vector$1
Event: 11.635 Loading class java/util/Vector$1 done

Classes unloaded (7 events):
Event: 7.054 Thread 0x000001c1cbd63130 Unloading class 0x000001c1cd19f000 'java/lang/invoke/LambdaForm$MH+0x000001c1cd19f000'
Event: 7.054 Thread 0x000001c1cbd63130 Unloading class 0x000001c1cd19ec00 'java/lang/invoke/LambdaForm$MH+0x000001c1cd19ec00'
Event: 7.054 Thread 0x000001c1cbd63130 Unloading class 0x000001c1cd19e800 'java/lang/invoke/LambdaForm$MH+0x000001c1cd19e800'
Event: 7.054 Thread 0x000001c1cbd63130 Unloading class 0x000001c1cd19e400 'java/lang/invoke/LambdaForm$MH+0x000001c1cd19e400'
Event: 7.054 Thread 0x000001c1cbd63130 Unloading class 0x000001c1cd19e000 'java/lang/invoke/LambdaForm$BMH+0x000001c1cd19e000'
Event: 7.054 Thread 0x000001c1cbd63130 Unloading class 0x000001c1cd19dc00 'java/lang/invoke/LambdaForm$DMH+0x000001c1cd19dc00'
Event: 7.054 Thread 0x000001c1cbd63130 Unloading class 0x000001c1cd19cc00 'java/lang/invoke/LambdaForm$DMH+0x000001c1cd19cc00'

Classes redefined (0 events):
No events

Internal exceptions (20 events):
Event: 10.333 Thread 0x000001c20eb1b5e0 Exception <a 'java/io/FileNotFoundException'{0x00000000ebd2fcb8}> (0x00000000ebd2fcb8) 
thrown [s\src\hotspot\share\prims\jni.cpp, line 520]
Event: 10.333 Thread 0x000001c20eb1b5e0 Exception <a 'java/io/FileNotFoundException'{0x00000000ebd30eb8}> (0x00000000ebd30eb8) 
thrown [s\src\hotspot\share\prims\jni.cpp, line 520]
Event: 10.471 Thread 0x000001c20eb1ea60 Exception <a 'java/lang/ExceptionInInitializerError'{0x00000000eb6b57e0}> (0x00000000eb6b57e0) 
thrown [s\src\hotspot\share\oops\instanceKlass.cpp, line 1220]
Event: 10.492 Thread 0x000001c20eb1ea60 Implicit null exception at 0x000001c1c27b7afe to 0x000001c1c27b7d6c
Event: 10.492 Thread 0x000001c20eb1ea60 Implicit null exception at 0x000001c1c271d89c to 0x000001c1c271e6f0
Event: 10.494 Thread 0x000001c20eb1ea60 Exception <a 'java/lang/NoSuchMethodError'{0x00000000eb8e4310}: 'java.lang.Object java.lang.invoke.Invokers$Holder.invokeExact_MT(java.lang.Object, int, java.lang.Object)'> (0x00000000eb8e4310) 
thrown [s\src\hotspot\share\interpreter\linkResolver.cpp, line 773]
Event: 10.776 Thread 0x000001c20eb1ea60 Exception <a 'java/lang/NoClassDefFoundError'{0x00000000ebc62d78}: com/google/inject/servlet/ServletModuleTargetVisitor> (0x00000000ebc62d78) 
thrown [s\src\hotspot\share\classfile\systemDictionary.cpp, line 301]
Event: 11.029 Thread 0x000001c21665d560 Exception <a 'java/lang/IncompatibleClassChangeError'{0x00000000eabfede8}: Found class java.lang.Object, but interface was expected> (0x00000000eabfede8) 
thrown [s\src\hotspot\share\interpreter\linkResolver.cpp, line 840]
Event: 11.074 Thread 0x000001c20eb1b5e0 Implicit null exception at 0x000001c1c29eff03 to 0x000001c1c29f0184
Event: 11.190 Thread 0x000001c20eb1b5e0 Exception <a 'sun/nio/fs/WindowsException'{0x00000000eba1a0e8}> (0x00000000eba1a0e8) 
thrown [s\src\hotspot\share\prims\jni.cpp, line 520]
Event: 11.203 Thread 0x000001c21665e910 Exception <a 'sun/nio/fs/WindowsException'{0x00000000ebbb09c8}> (0x00000000ebbb09c8) 
thrown [s\src\hotspot\share\prims\jni.cpp, line 520]
Event: 11.204 Thread 0x000001c21665f630 Exception <a 'sun/nio/fs/WindowsException'{0x00000000ebbc1d30}> (0x00000000ebbc1d30) 
thrown [s\src\hotspot\share\prims\jni.cpp, line 520]
Event: 11.204 Thread 0x000001c21665f630 Exception <a 'sun/nio/fs/WindowsException'{0x00000000ebbc5490}> (0x00000000ebbc5490) 
thrown [s\src\hotspot\share\prims\jni.cpp, line 520]
Event: 11.206 Thread 0x000001c21665dbf0 Exception <a 'sun/nio/fs/WindowsException'{0x00000000ebbdc650}> (0x00000000ebbdc650) 
thrown [s\src\hotspot\share\prims\jni.cpp, line 520]
Event: 11.206 Thread 0x000001c21665e280 Exception <a 'sun/nio/fs/WindowsException'{0x00000000ebbcf388}> (0x00000000ebbcf388) 
thrown [s\src\hotspot\share\prims\jni.cpp, line 520]
Event: 11.210 Thread 0x000001c21665b490 Exception <a 'sun/nio/fs/WindowsException'{0x00000000ebbe9d60}> (0x00000000ebbe9d60) 
thrown [s\src\hotspot\share\prims\jni.cpp, line 520]
Event: 11.282 Thread 0x000001c21665a770 Exception <a 'sun/nio/fs/WindowsException'{0x00000000ebc16328}> (0x00000000ebc16328) 
thrown [s\src\hotspot\share\prims\jni.cpp, line 520]
Event: 11.282 Thread 0x000001c21665dbf0 Exception <a 'sun/nio/fs/WindowsException'{0x00000000ebbdfe50}> (0x00000000ebbdfe50) 
thrown [s\src\hotspot\share\prims\jni.cpp, line 520]
Event: 11.298 Thread 0x000001c21665efa0 Exception <a 'sun/nio/fs/WindowsException'{0x00000000eab3e560}> (0x00000000eab3e560) 
thrown [s\src\hotspot\share\prims\jni.cpp, line 520]
Event: 11.323 Thread 0x000001c21665c1b0 Exception <a 'sun/nio/fs/WindowsException'{0x00000000eae6a320}> (0x00000000eae6a320) 
thrown [s\src\hotspot\share\prims\jni.cpp, line 520]

ZGC Phase Switch (0 events):
No events

VM Operations (20 events):
Event: 10.525 Executing VM operation: HandshakeAllThreads (Deoptimize)
Event: 10.525 Executing VM operation: HandshakeAllThreads (Deoptimize) done
Event: 10.554 Executing VM operation: ParallelGCFailedAllocation (Allocation Failure)
Event: 10.557 Executing VM operation: ParallelGCFailedAllocation (Allocation Failure) done
Event: 10.808 Executing VM operation: ParallelGCFailedAllocation (Allocation Failure)
Event: 10.812 Executing VM operation: ParallelGCFailedAllocation (Allocation Failure) done
Event: 10.858 Executing VM operation: HandshakeAllThreads (Deoptimize)
Event: 10.859 Executing VM operation: HandshakeAllThreads (Deoptimize) done
Event: 10.860 Executing VM operation: HandshakeAllThreads (Deoptimize)
Event: 10.860 Executing VM operation: HandshakeAllThreads (Deoptimize) done
Event: 11.013 Executing VM operation: ParallelGCFailedAllocation (Allocation Failure)
Event: 11.018 Executing VM operation: ParallelGCFailedAllocation (Allocation Failure) done
Event: 11.085 Executing VM operation: HandshakeAllThreads (Deoptimize)
Event: 11.085 Executing VM operation: HandshakeAllThreads (Deoptimize) done
Event: 11.183 Executing VM operation: HandshakeAllThreads (Deoptimize)
Event: 11.183 Executing VM operation: HandshakeAllThreads (Deoptimize) done
Event: 11.294 Executing VM operation: ParallelGCFailedAllocation (Allocation Failure)
Event: 11.297 Executing VM operation: ParallelGCFailedAllocation (Allocation Failure) done
Event: 11.571 Executing VM operation: ParallelGCFailedAllocation (Allocation Failure)
Event: 11.575 Executing VM operation: ParallelGCFailedAllocation (Allocation Failure) done

Memory protections (0 events):
No events

Nmethod flushes (20 events):
Event: 8.488 Thread 0x000001c1cbd63130 flushing  nmethod 0x000001c1bb205210
Event: 8.488 Thread 0x000001c1cbd63130 flushing  nmethod 0x000001c1bb209e90
Event: 8.488 Thread 0x000001c1cbd63130 flushing  nmethod 0x000001c1bb231190
Event: 8.488 Thread 0x000001c1cbd63130 flushing  nmethod 0x000001c1bb231590
Event: 8.488 Thread 0x000001c1cbd63130 flushing  nmethod 0x000001c1bb231e90
Event: 8.488 Thread 0x000001c1cbd63130 flushing  nmethod 0x000001c1bb233890
Event: 8.488 Thread 0x000001c1cbd63130 flushing  nmethod 0x000001c1bb234010
Event: 8.488 Thread 0x000001c1cbd63130 flushing  nmethod 0x000001c1bb236110
Event: 8.488 Thread 0x000001c1cbd63130 flushing  nmethod 0x000001c1bb236f10
Event: 8.488 Thread 0x000001c1cbd63130 flushing  nmethod 0x000001c1bb238010
Event: 8.488 Thread 0x000001c1cbd63130 flushing  nmethod 0x000001c1bb239c90
Event: 8.488 Thread 0x000001c1cbd63130 flushing  nmethod 0x000001c1bb23a910
Event: 8.488 Thread 0x000001c1cbd63130 flushing  nmethod 0x000001c1bb288010
Event: 8.488 Thread 0x000001c1cbd63130 flushing  nmethod 0x000001c1bb2e6410
Event: 8.488 Thread 0x000001c1cbd63130 flushing  nmethod 0x000001c1bb2ec010
Event: 8.488 Thread 0x000001c1cbd63130 flushing  nmethod 0x000001c1bb326b10
Event: 8.488 Thread 0x000001c1cbd63130 flushing  nmethod 0x000001c1bb33e090
Event: 8.488 Thread 0x000001c1cbd63130 flushing  nmethod 0x000001c1bb33e510
Event: 8.488 Thread 0x000001c1cbd63130 flushing  nmethod 0x000001c1bb345090
Event: 8.488 Thread 0x000001c1cbd63130 flushing  nmethod 0x000001c1bb362090

Events (20 events):
Event: 8.133 Thread 0x000001c20eb1ea60 Thread added: 0x000001c20eb1d6b0
Event: 8.150 Thread 0x000001c20eb1d6b0 Thread added: 0x000001c20eb21850
Event: 8.156 Thread 0x000001c1b562eb90 Thread added: 0x000001c20eb1e3d0
Event: 8.352 Thread 0x000001c20eb1d6b0 Thread added: 0x000001c21665fcc0
Event: 8.455 Thread 0x000001c1b562eb90 Thread added: 0x000001c216660350
Event: 8.455 Thread 0x000001c1b562eb90 Thread added: 0x000001c21665d560
Event: 11.193 Thread 0x000001c20eb1b5e0 Thread added: 0x000001c21665e910
Event: 11.203 Thread 0x000001c21665e910 Thread added: 0x000001c21665f630
Event: 11.204 Thread 0x000001c21665e910 Thread added: 0x000001c21665dbf0
Event: 11.204 Thread 0x000001c21665f630 Thread added: 0x000001c21665e280
Event: 11.205 Thread 0x000001c21665e280 Thread added: 0x000001c21665c1b0
Event: 11.206 Thread 0x000001c21665dbf0 Thread added: 0x000001c21665b490
Event: 11.206 Thread 0x000001c21665dbf0 Thread added: 0x000001c21665a770
Event: 11.206 Thread 0x000001c21665e280 Thread added: 0x000001c21665efa0
Event: 11.402 Thread 0x000001c20eb1b5e0 Thread added: 0x000001c21665c840
Event: 11.403 Thread 0x000001c20eb1b5e0 Thread added: 0x000001c216661070
Event: 11.403 Thread 0x000001c20eb1b5e0 Thread added: 0x000001c216661d90
Event: 11.403 Thread 0x000001c20eb1b5e0 Thread added: 0x000001c216661700
Event: 11.403 Thread 0x000001c20eb1b5e0 Thread added: 0x000001c21665bb20
Event: 11.403 Thread 0x000001c20eb1b5e0 Thread added: 0x000001c21308c7b0


Dynamic libraries:
0x00007ff7cfe30000 - 0x00007ff7cfe3e000 	c:\Users\111\.cursor\extensions\redhat.java-1.39.0-win32-x64\jre\21.0.5-win32-x86_64\bin\java.exe
0x00007ff9729f0000 - 0x00007ff972c07000 	C:\WINDOWS\SYSTEM32\ntdll.dll
0x00007ff971570000 - 0x00007ff971634000 	C:\WINDOWS\System32\KERNEL32.DLL
0x00007ff96ff60000 - 0x00007ff970330000 	C:\WINDOWS\System32\KERNELBASE.dll
0x00007ff9705c0000 - 0x00007ff9706d1000 	C:\WINDOWS\System32\ucrtbase.dll
0x00007ff958f90000 - 0x00007ff958fa8000 	c:\Users\111\.cursor\extensions\redhat.java-1.39.0-win32-x64\jre\21.0.5-win32-x86_64\bin\jli.dll
0x00007ff959150000 - 0x00007ff95916e000 	c:\Users\111\.cursor\extensions\redhat.java-1.39.0-win32-x64\jre\21.0.5-win32-x86_64\bin\VCRUNTIME140.dll
0x00007ff971800000 - 0x00007ff9719ae000 	C:\WINDOWS\System32\USER32.dll
0x00007ff96ff30000 - 0x00007ff96ff56000 	C:\WINDOWS\System32\win32u.dll
0x00007ff970890000 - 0x00007ff9708b9000 	C:\WINDOWS\System32\GDI32.dll
0x00007ff959170000 - 0x00007ff959402000 	C:\WINDOWS\WinSxS\amd64_microsoft.windows.common-controls_6595b64144ccf1df_6.0.22621.4830_none_270fe7d773858e80\COMCTL32.dll
0x00007ff9704a0000 - 0x00007ff9705bb000 	C:\WINDOWS\System32\gdi32full.dll
0x00007ff96fe10000 - 0x00007ff96feaa000 	C:\WINDOWS\System32\msvcp_win.dll
0x00007ff970e70000 - 0x00007ff970f17000 	C:\WINDOWS\System32\msvcrt.dll
0x00007ff971530000 - 0x00007ff971561000 	C:\WINDOWS\System32\IMM32.DLL
0x00007ff96a660000 - 0x00007ff96a66c000 	c:\Users\111\.cursor\extensions\redhat.java-1.39.0-win32-x64\jre\21.0.5-win32-x86_64\bin\vcruntime140_1.dll
0x00007ff9526e0000 - 0x00007ff95276d000 	c:\Users\111\.cursor\extensions\redhat.java-1.39.0-win32-x64\jre\21.0.5-win32-x86_64\bin\msvcp140.dll
0x00007ff8d2ce0000 - 0x00007ff8d3a6f000 	c:\Users\111\.cursor\extensions\redhat.java-1.39.0-win32-x64\jre\21.0.5-win32-x86_64\bin\server\jvm.dll
0x00007ff9728f0000 - 0x00007ff9729a1000 	C:\WINDOWS\System32\ADVAPI32.dll
0x00007ff9713a0000 - 0x00007ff971447000 	C:\WINDOWS\System32\sechost.dll
0x00007ff96fca0000 - 0x00007ff96fcc8000 	C:\WINDOWS\System32\bcrypt.dll
0x00007ff970ca0000 - 0x00007ff970db4000 	C:\WINDOWS\System32\RPCRT4.dll
0x00007ff970920000 - 0x00007ff970991000 	C:\WINDOWS\System32\WS2_32.dll
0x00007ff96eb40000 - 0x00007ff96eb8d000 	C:\WINDOWS\SYSTEM32\POWRPROF.dll
0x00007ff9694b0000 - 0x00007ff9694e4000 	C:\WINDOWS\SYSTEM32\WINMM.dll
0x00007ff967800000 - 0x00007ff96780a000 	C:\WINDOWS\SYSTEM32\VERSION.dll
0x00007ff96eb20000 - 0x00007ff96eb33000 	C:\WINDOWS\SYSTEM32\UMPDC.dll
0x00007ff96ed70000 - 0x00007ff96ed88000 	C:\WINDOWS\SYSTEM32\kernel.appcore.dll
0x00007ff969dc0000 - 0x00007ff969dca000 	c:\Users\111\.cursor\extensions\redhat.java-1.39.0-win32-x64\jre\21.0.5-win32-x86_64\bin\jimage.dll
0x00007ff96d4f0000 - 0x00007ff96d722000 	C:\WINDOWS\SYSTEM32\DBGHELP.DLL
0x00007ff972510000 - 0x00007ff9728a0000 	C:\WINDOWS\System32\combase.dll
0x00007ff9709a0000 - 0x00007ff970a77000 	C:\WINDOWS\System32\OLEAUT32.dll
0x00007ff967810000 - 0x00007ff967842000 	C:\WINDOWS\SYSTEM32\dbgcore.DLL
0x00007ff96feb0000 - 0x00007ff96ff2b000 	C:\WINDOWS\System32\bcryptPrimitives.dll
0x00007ff969d10000 - 0x00007ff969d1f000 	c:\Users\111\.cursor\extensions\redhat.java-1.39.0-win32-x64\jre\21.0.5-win32-x86_64\bin\instrument.dll
0x00007ff9565c0000 - 0x00007ff9565df000 	c:\Users\111\.cursor\extensions\redhat.java-1.39.0-win32-x64\jre\21.0.5-win32-x86_64\bin\java.dll
0x00007ff971b80000 - 0x00007ff9723f8000 	C:\WINDOWS\System32\SHELL32.dll
0x00007ff96dc00000 - 0x00007ff96e510000 	C:\WINDOWS\SYSTEM32\windows.storage.dll
0x00007ff96d730000 - 0x00007ff96d86f000 	C:\WINDOWS\SYSTEM32\wintypes.dll
0x00007ff972400000 - 0x00007ff97250a000 	C:\WINDOWS\System32\SHCORE.dll
0x00007ff970aa0000 - 0x00007ff970afe000 	C:\WINDOWS\System32\shlwapi.dll
0x00007ff96fbd0000 - 0x00007ff96fbfb000 	C:\WINDOWS\SYSTEM32\profapi.dll
0x00007ff956590000 - 0x00007ff9565a8000 	c:\Users\111\.cursor\extensions\redhat.java-1.39.0-win32-x64\jre\21.0.5-win32-x86_64\bin\zip.dll
0x00007ff969b30000 - 0x00007ff969b40000 	C:\Users\111\.cursor\extensions\redhat.java-1.39.0-win32-x64\jre\21.0.5-win32-x86_64\bin\net.dll
0x00007ff968c50000 - 0x00007ff968d7c000 	C:\WINDOWS\SYSTEM32\WINHTTP.dll
0x00007ff96f250000 - 0x00007ff96f2ba000 	C:\WINDOWS\system32\mswsock.dll
0x00007ff956230000 - 0x00007ff956246000 	C:\Users\111\.cursor\extensions\redhat.java-1.39.0-win32-x64\jre\21.0.5-win32-x86_64\bin\nio.dll
0x00007ff969220000 - 0x00007ff969230000 	c:\Users\111\.cursor\extensions\redhat.java-1.39.0-win32-x64\jre\21.0.5-win32-x86_64\bin\verify.dll
0x00007ff941e80000 - 0x00007ff941ec5000 	C:\Users\111\AppData\Roaming\Cursor\User\globalStorage\redhat.java\1.39.0\config_win\org.eclipse.equinox.launcher\org.eclipse.equinox.launcher.win32.win32.x86_64_1.2.1100.v20240722-2106\eclipse_11904.dll
0x00007ff9706e0000 - 0x00007ff970881000 	C:\WINDOWS\System32\ole32.dll
0x00007ff96f4a0000 - 0x00007ff96f4bb000 	C:\WINDOWS\SYSTEM32\CRYPTSP.dll
0x00007ff96ed30000 - 0x00007ff96ed65000 	C:\WINDOWS\system32\rsaenh.dll
0x00007ff96f340000 - 0x00007ff96f368000 	C:\WINDOWS\SYSTEM32\USERENV.dll
0x00007ff96f4c0000 - 0x00007ff96f4cc000 	C:\WINDOWS\SYSTEM32\CRYPTBASE.dll
0x00007ff96e820000 - 0x00007ff96e84d000 	C:\WINDOWS\SYSTEM32\IPHLPAPI.DLL
0x00007ff970e50000 - 0x00007ff970e59000 	C:\WINDOWS\System32\NSI.dll
0x00007ff93d5e0000 - 0x00007ff93d629000 	C:\Users\111\AppData\Local\Temp\jna-48657\jna14398611797832200312.dll
0x00007ff971450000 - 0x00007ff971458000 	C:\WINDOWS\System32\PSAPI.DLL
0x00007ff968b30000 - 0x00007ff968b49000 	C:\WINDOWS\SYSTEM32\dhcpcsvc6.DLL
0x00007ff968b10000 - 0x00007ff968b2f000 	C:\WINDOWS\SYSTEM32\dhcpcsvc.DLL

dbghelp: loaded successfully - version: 4.0.5 - missing functions: none
symbol engine: initialized successfully - sym options: 0x614 - pdb path: .;c:\Users\111\.cursor\extensions\redhat.java-1.39.0-win32-x64\jre\21.0.5-win32-x86_64\bin;C:\WINDOWS\SYSTEM32;C:\WINDOWS\WinSxS\amd64_microsoft.windows.common-controls_6595b64144ccf1df_6.0.22621.4830_none_270fe7d773858e80;c:\Users\111\.cursor\extensions\redhat.java-1.39.0-win32-x64\jre\21.0.5-win32-x86_64\bin\server;C:\Users\111\AppData\Roaming\Cursor\User\globalStorage\redhat.java\1.39.0\config_win\org.eclipse.equinox.launcher\org.eclipse.equinox.launcher.win32.win32.x86_64_1.2.1100.v20240722-2106;C:\Users\111\AppData\Local\Temp\jna-48657

VM Arguments:
jvm_args: --add-modules=ALL-SYSTEM --add-opens=java.base/java.util=ALL-UNNAMED --add-opens=java.base/java.lang=ALL-UNNAMED --add-opens=java.base/sun.nio.fs=ALL-UNNAMED -Declipse.application=org.eclipse.jdt.ls.core.id1 -Dosgi.bundles.defaultStartLevel=4 -Declipse.product=org.eclipse.jdt.ls.core.product -Djava.import.generatesMetadataFilesAtProjectRoot=false -DDetectVMInstallationsJob.disabled=true -Dfile.encoding=utf8 -XX:+UseParallelGC -XX:GCTimeRatio=4 -XX:AdaptiveSizePolicyWeight=90 -Dsun.zip.disableMemoryMapping=true -Xmx1G -Xms100m -Xlog:disable -javaagent:c:\Users\111\.cursor\extensions\redhat.java-1.39.0-win32-x64\lombok\lombok-1.18.34.jar -XX:+HeapDumpOnOutOfMemoryError -XX:HeapDumpPath=c:\Users\111\AppData\Roaming\Cursor\User\workspaceStorage\9ac6dc13f77a2db73f7905ea32a79cfd\redhat.java -Daether.dependencyCollector.impl=bf 
java_command: c:\Users\111\.cursor\extensions\redhat.java-1.39.0-win32-x64\server\plugins\org.eclipse.equinox.launcher_1.6.900.v20240613-2009.jar -configuration c:\Users\111\AppData\Roaming\Cursor\User\globalStorage\redhat.java\1.39.0\config_win -data c:\Users\111\AppData\Roaming\Cursor\User\workspaceStorage\9ac6dc13f77a2db73f7905ea32a79cfd\redhat.java\jdt_ws --pipe=\\.\pipe\lsp-74fc93b898d7da7fd50598463d9f5cb8-sock
java_class_path (initial): c:\Users\111\.cursor\extensions\redhat.java-1.39.0-win32-x64\server\plugins\org.eclipse.equinox.launcher_1.6.900.v20240613-2009.jar
Launcher Type: SUN_STANDARD

[Global flags]
    uintx AdaptiveSizePolicyWeight                 = 90                                        {product} {command line}
     intx CICompilerCount                          = 4                                         {product} {ergonomic}
    uintx GCTimeRatio                              = 4                                         {product} {command line}
     bool HeapDumpOnOutOfMemoryError               = true                                   {manageable} {command line}
    ccstr HeapDumpPath                             = c:\Users\111\AppData\Roaming\Cursor\User\workspaceStorage\9ac6dc13f77a2db73f7905ea32a79cfd\redhat.java         {manageable} {command line}
   size_t InitialHeapSize                          = 104857600                                 {product} {command line}
   size_t MaxHeapSize                              = 1073741824                                {product} {command line}
   size_t MaxNewSize                               = 357564416                                 {product} {ergonomic}
   size_t MinHeapDeltaBytes                        = 524288                                    {product} {ergonomic}
   size_t MinHeapSize                              = 104857600                                 {product} {command line}
   size_t NewSize                                  = 34603008                                  {product} {ergonomic}
    uintx NonNMethodCodeHeapSize                   = 5839372                                {pd product} {ergonomic}
    uintx NonProfiledCodeHeapSize                  = 122909434                              {pd product} {ergonomic}
   size_t OldSize                                  = 70254592                                  {product} {ergonomic}
    uintx ProfiledCodeHeapSize                     = 122909434                              {pd product} {ergonomic}
    uintx ReservedCodeCacheSize                    = 251658240                              {pd product} {ergonomic}
     bool SegmentedCodeCache                       = true                                      {product} {ergonomic}
   size_t SoftMaxHeapSize                          = 1073741824                             {manageable} {ergonomic}
     bool UseCompressedOops                        = true                           {product lp64_product} {ergonomic}
     bool UseLargePagesIndividualAllocation        = false                                  {pd product} {ergonomic}
     bool UseParallelGC                            = true                                      {product} {command line}

Logging:
Log output configuration:
 #0: stdout all=off uptime,level,tags foldmultilines=false
 #1: stderr all=off uptime,level,tags foldmultilines=false

Environment Variables:
JAVA_HOME=E:\opensource\Java\jdk1.8.0_241
PATH=E:\opensource\Java\jdk1.8.0_241\bin;C:\WINDOWS\system32;C:\WINDOWS;C:\WINDOWS\System32\Wbem;C:\WINDOWS\System32\WindowsPowerShell\v1.0\;C:\WINDOWS\System32\OpenSSH\;C:\Program Files\MySQL\MySQL Server 5.6\bin;D:\JAVA_Software\apache-maven-3.3.9\bin;D:\JAVA_Software\git\TortoiseGit\bin;D:\web\dll;D:\JAVA_Software\nvm;D:\JAVA_Software\Nodejs;C:\Program Files (x86)\Microsoft SQL Server\160\Tools\Binn\;C:\Program Files\Microsoft SQL Server\160\Tools\Binn\;C:\Program Files\Microsoft SQL Server\Client SDK\ODBC\170\Tools\Binn\;C:\Program Files\Microsoft SQL Server\160\DTS\Binn\;C:\Program Files (x86)\Microsoft SQL Server\160\DTS\Binn\;C:\Users\111\AppData\Local\Programs\Python\Python313\python.exe;;C:\Program Files\CursorModifier;C:\Users\111\AppData\Local\Programs\Python\Python313\Scripts\;C:\Users\111\AppData\Local\Programs\Python\Python313\;C:\Users\111\AppData\Local\Programs\Python\Python37\Scripts\;C:\Users\111\AppData\Local\Programs\Python\Python37\;C:\Users\111\AppData\Local\Microsoft\WindowsApps;D:\JAVA_Software\nvm;D:\JAVA_Software\Nodejs;D:\JAVA_Software\git\Git\bin;;D:\fiddler4\Fiddler;D:\JAVA_Software\cpolar\;C:\Program Files\cursor-id-modifier
USERNAME=111
OS=Windows_NT
PROCESSOR_IDENTIFIER=Intel64 Family 6 Model 140 Stepping 1, GenuineIntel
TMP=C:\Users\111\AppData\Local\Temp
TEMP=C:\Users\111\AppData\Local\Temp




Periodic native trim disabled

---------------  S Y S T E M  ---------------

OS:
 Windows 11 , 64 bit Build 22621 (10.0.22621.4830)
OS uptime: 0 days 12:03 hours

CPU: total 8 (initial active 8) (4 cores per cpu, 2 threads per core) family 6 model 140 stepping 1 microcode 0x7e, cx8, cmov, fxsr, ht, mmx, 3dnowpref, sse, sse2, sse3, ssse3, sse4.1, sse4.2, popcnt, lzcnt, tsc, tscinvbit, avx, avx2, aes, erms, clmul, bmi1, bmi2, adx, avx512f, avx512dq, avx512cd, avx512bw, avx512vl, sha, fma, vzeroupper, avx512_vpopcntdq, avx512_vpclmulqdq, avx512_vaes, avx512_vnni, clflush, clflushopt, clwb, avx512_vbmi2, avx512_vbmi, rdtscp, rdpid, fsrm, gfni, avx512_bitalg, f16c, pku, cet_ibt, cet_ss, avx512_ifma
Processor Information for all 8 processors :
  Max Mhz: 2803, Current Mhz: 2803, Mhz Limit: 2803

Memory: 4k page, system-wide physical 16126M (215M free)
TotalPageFile size 29113M (AvailPageFile size 15M)
current process WorkingSet (physical memory assigned to process): 264M, peak: 265M
current process commit charge ("private bytes"): 336M, peak: 338M

vm_info: OpenJDK 64-Bit Server VM (21.0.5+11-LTS) for windows-amd64 JRE (21.0.5+11-LTS), built on 2024-10-15T00:00:00Z by "admin" with MS VC++ 17.7 (VS2022)

END.
